
Warnung: https://github.com/RegWin32/xow-fedora-atomic/archive/v0.6.tar.gz wird nach /var/home/pklein/Downloads/xow-fedora-atomic/packaging/fedora/v0.6.tar.gz heruntergeladen
Einstellung SOURCE_DATE_EPOCH=1757376000
Ausführung(%mkbuilddir): /bin/sh -e /var/tmp/rpm-tmp.ZU3shw
Ausführung(%prep): /bin/sh -e /var/tmp/rpm-tmp.TH0ee3
+ umask 022
+ cd /var/home/pklein/Downloads/xow-fedora-atomic/packaging/fedora/xow-fedora-atomic-0.6-build
+ cd /var/home/pklein/Downloads/xow-fedora-atomic/packaging/fedora/xow-fedora-atomic-0.6-build
+ rm -rf xow-fedora-atomic-0.6
+ /usr/lib/rpm/rpmuncompress -x /var/home/pklein/Downloads/xow-fedora-atomic/packaging/fedora/v0.6.tar.gz
+ STATUS=0
+ '[' 0 -ne 0 ']'
+ cd xow-fedora-atomic-0.6
+ /usr/bin/chmod -Rf a+rX,u+w,g-w,o-w .
+ RPM_EC=0
++ jobs -p
+ exit 0
Ausführung(%build): /bin/sh -e /var/tmp/rpm-tmp.DztX7v
+ umask 022
+ cd /var/home/pklein/Downloads/xow-fedora-atomic/packaging/fedora/xow-fedora-atomic-0.6-build
+ CFLAGS='-O2 -flto=auto -ffat-lto-objects -fexceptions -g -grecord-gcc-switches -pipe -Wall -Werror=format-security -Wp,-U_FORTIFY_SOURCE,-D_FORTIFY_SOURCE=3 -Wp,-D_GLIBCXX_ASSERTIONS -specs=/usr/lib/rpm/redhat/redhat-hardened-cc1 -fstack-protector-strong -specs=/usr/lib/rpm/redhat/redhat-annobin-cc1  -m64 -march=x86-64 -mtune=generic -fasynchronous-unwind-tables -fstack-clash-protection -fcf-protection -mtls-dialect=gnu2 -fno-omit-frame-pointer -mno-omit-leaf-frame-pointer '
+ export CFLAGS
+ CXXFLAGS='-O2 -flto=auto -ffat-lto-objects -fexceptions -g -grecord-gcc-switches -pipe -Wall -Werror=format-security -Wp,-U_FORTIFY_SOURCE,-D_FORTIFY_SOURCE=3 -Wp,-D_GLIBCXX_ASSERTIONS -specs=/usr/lib/rpm/redhat/redhat-hardened-cc1 -fstack-protector-strong -specs=/usr/lib/rpm/redhat/redhat-annobin-cc1  -m64 -march=x86-64 -mtune=generic -fasynchronous-unwind-tables -fstack-clash-protection -fcf-protection -mtls-dialect=gnu2 -fno-omit-frame-pointer -mno-omit-leaf-frame-pointer '
+ export CXXFLAGS
+ FFLAGS='-O2 -flto=auto -ffat-lto-objects -fexceptions -g -grecord-gcc-switches -pipe -Wall -Wp,-U_FORTIFY_SOURCE,-D_FORTIFY_SOURCE=3 -Wp,-D_GLIBCXX_ASSERTIONS -specs=/usr/lib/rpm/redhat/redhat-hardened-cc1 -fstack-protector-strong -specs=/usr/lib/rpm/redhat/redhat-annobin-cc1  -m64 -march=x86-64 -mtune=generic -fasynchronous-unwind-tables -fstack-clash-protection -fcf-protection -mtls-dialect=gnu2 -fno-omit-frame-pointer -mno-omit-leaf-frame-pointer -I/usr/lib64/gfortran/modules '
+ export FFLAGS
+ FCFLAGS='-O2 -flto=auto -ffat-lto-objects -fexceptions -g -grecord-gcc-switches -pipe -Wall -Wp,-U_FORTIFY_SOURCE,-D_FORTIFY_SOURCE=3 -Wp,-D_GLIBCXX_ASSERTIONS -specs=/usr/lib/rpm/redhat/redhat-hardened-cc1 -fstack-protector-strong -specs=/usr/lib/rpm/redhat/redhat-annobin-cc1  -m64 -march=x86-64 -mtune=generic -fasynchronous-unwind-tables -fstack-clash-protection -fcf-protection -mtls-dialect=gnu2 -fno-omit-frame-pointer -mno-omit-leaf-frame-pointer -I/usr/lib64/gfortran/modules '
+ export FCFLAGS
+ VALAFLAGS=-g
+ export VALAFLAGS
+ RUSTFLAGS='-Copt-level=3 -Cdebuginfo=2 -Ccodegen-units=1 -Cstrip=none -Cforce-frame-pointers=yes -Clink-arg=-specs=/usr/lib/rpm/redhat/redhat-package-notes --cap-lints=warn'
+ export RUSTFLAGS
+ LDFLAGS='-Wl,-z,relro -Wl,--as-needed  -Wl,-z,pack-relative-relocs -Wl,-z,now -specs=/usr/lib/rpm/redhat/redhat-hardened-ld -specs=/usr/lib/rpm/redhat/redhat-annobin-cc1  -Wl,--build-id=sha1 -specs=/usr/lib/rpm/redhat/redhat-package-notes '
+ export LDFLAGS
+ LT_SYS_LIBRARY_PATH=/usr/lib64:
+ export LT_SYS_LIBRARY_PATH
+ CC=gcc
+ export CC
+ CXX=g++
+ export CXX
+ cd xow-fedora-atomic-0.6
+ /usr/bin/make -O -j16 V=1 VERBOSE=1 BUILD=RELEASE BINDIR=/usr/bin UDEVDIR=/usr/lib/udev/rules.d MODLDIR=/usr/lib/modules-load.d MODPDIR=/usr/lib/modprobe.d SYSDDIR=/usr/lib/systemd/system
sed "s|#FIRMWARE#|/lib/firmware/xow_dongle.bin|" install/firmware.sh.in > firmware.sh
sed 's|#BINDIR#|/usr/bin|' install/service.in > xow.service
g++  -O2 -flto=auto -ffat-lto-objects -fexceptions -g -grecord-gcc-switches -pipe -Wall -Werror=format-security -Wp,-U_FORTIFY_SOURCE,-D_FORTIFY_SOURCE=3 -Wp,-D_GLIBCXX_ASSERTIONS -specs=/usr/lib/rpm/redhat/redhat-hardened-cc1 -fstack-protector-strong -specs=/usr/lib/rpm/redhat/redhat-annobin-cc1  -m64 -march=x86-64 -mtune=generic -fasynchronous-unwind-tables -fstack-clash-protection -fcf-protection -mtls-dialect=gnu2 -fno-omit-frame-pointer -mno-omit-leaf-frame-pointer  -Wall -Wpedantic -std=c++11 -MMD -MP -O3 -DVERSION=\"v0.6\" -DFIRMWARE=\"/lib/firmware/xow_dongle.bin\" -c -o utils/reader.o utils/reader.cpp
g++  -O2 -flto=auto -ffat-lto-objects -fexceptions -g -grecord-gcc-switches -pipe -Wall -Werror=format-security -Wp,-U_FORTIFY_SOURCE,-D_FORTIFY_SOURCE=3 -Wp,-D_GLIBCXX_ASSERTIONS -specs=/usr/lib/rpm/redhat/redhat-hardened-cc1 -fstack-protector-strong -specs=/usr/lib/rpm/redhat/redhat-annobin-cc1  -m64 -march=x86-64 -mtune=generic -fasynchronous-unwind-tables -fstack-clash-protection -fcf-protection -mtls-dialect=gnu2 -fno-omit-frame-pointer -mno-omit-leaf-frame-pointer  -Wall -Wpedantic -std=c++11 -MMD -MP -O3 -DVERSION=\"v0.6\" -DFIRMWARE=\"/lib/firmware/xow_dongle.bin\" -c -o utils/log.o utils/log.cpp
g++  -O2 -flto=auto -ffat-lto-objects -fexceptions -g -grecord-gcc-switches -pipe -Wall -Werror=format-security -Wp,-U_FORTIFY_SOURCE,-D_FORTIFY_SOURCE=3 -Wp,-D_GLIBCXX_ASSERTIONS -specs=/usr/lib/rpm/redhat/redhat-hardened-cc1 -fstack-protector-strong -specs=/usr/lib/rpm/redhat/redhat-annobin-cc1  -m64 -march=x86-64 -mtune=generic -fasynchronous-unwind-tables -fstack-clash-protection -fcf-protection -mtls-dialect=gnu2 -fno-omit-frame-pointer -mno-omit-leaf-frame-pointer  -Wall -Wpedantic -std=c++11 -MMD -MP -O3 -DVERSION=\"v0.6\" -DFIRMWARE=\"/lib/firmware/xow_dongle.bin\" -c -o xow.o xow.cpp
g++  -O2 -flto=auto -ffat-lto-objects -fexceptions -g -grecord-gcc-switches -pipe -Wall -Werror=format-security -Wp,-U_FORTIFY_SOURCE,-D_FORTIFY_SOURCE=3 -Wp,-D_GLIBCXX_ASSERTIONS -specs=/usr/lib/rpm/redhat/redhat-hardened-cc1 -fstack-protector-strong -specs=/usr/lib/rpm/redhat/redhat-annobin-cc1  -m64 -march=x86-64 -mtune=generic -fasynchronous-unwind-tables -fstack-clash-protection -fcf-protection -mtls-dialect=gnu2 -fno-omit-frame-pointer -mno-omit-leaf-frame-pointer  -Wall -Wpedantic -std=c++11 -MMD -MP -O3 -DVERSION=\"v0.6\" -DFIRMWARE=\"/lib/firmware/xow_dongle.bin\" -c -o controller/gip.o controller/gip.cpp
g++  -O2 -flto=auto -ffat-lto-objects -fexceptions -g -grecord-gcc-switches -pipe -Wall -Werror=format-security -Wp,-U_FORTIFY_SOURCE,-D_FORTIFY_SOURCE=3 -Wp,-D_GLIBCXX_ASSERTIONS -specs=/usr/lib/rpm/redhat/redhat-hardened-cc1 -fstack-protector-strong -specs=/usr/lib/rpm/redhat/redhat-annobin-cc1  -m64 -march=x86-64 -mtune=generic -fasynchronous-unwind-tables -fstack-clash-protection -fcf-protection -mtls-dialect=gnu2 -fno-omit-frame-pointer -mno-omit-leaf-frame-pointer  -Wall -Wpedantic -std=c++11 -MMD -MP -O3 -DVERSION=\"v0.6\" -DFIRMWARE=\"/lib/firmware/xow_dongle.bin\" -c -o controller/input.o controller/input.cpp
g++  -O2 -flto=auto -ffat-lto-objects -fexceptions -g -grecord-gcc-switches -pipe -Wall -Werror=format-security -Wp,-U_FORTIFY_SOURCE,-D_FORTIFY_SOURCE=3 -Wp,-D_GLIBCXX_ASSERTIONS -specs=/usr/lib/rpm/redhat/redhat-hardened-cc1 -fstack-protector-strong -specs=/usr/lib/rpm/redhat/redhat-annobin-cc1  -m64 -march=x86-64 -mtune=generic -fasynchronous-unwind-tables -fstack-clash-protection -fcf-protection -mtls-dialect=gnu2 -fno-omit-frame-pointer -mno-omit-leaf-frame-pointer  -Wall -Wpedantic -std=c++11 -MMD -MP -O3 -DVERSION=\"v0.6\" -DFIRMWARE=\"/lib/firmware/xow_dongle.bin\" -c -o dongle/usb.o dongle/usb.cpp
g++  -O2 -flto=auto -ffat-lto-objects -fexceptions -g -grecord-gcc-switches -pipe -Wall -Werror=format-security -Wp,-U_FORTIFY_SOURCE,-D_FORTIFY_SOURCE=3 -Wp,-D_GLIBCXX_ASSERTIONS -specs=/usr/lib/rpm/redhat/redhat-hardened-cc1 -fstack-protector-strong -specs=/usr/lib/rpm/redhat/redhat-annobin-cc1  -m64 -march=x86-64 -mtune=generic -fasynchronous-unwind-tables -fstack-clash-protection -fcf-protection -mtls-dialect=gnu2 -fno-omit-frame-pointer -mno-omit-leaf-frame-pointer  -Wall -Wpedantic -std=c++11 -MMD -MP -O3 -DVERSION=\"v0.6\" -DFIRMWARE=\"/lib/firmware/xow_dongle.bin\" -c -o controller/controller.o controller/controller.cpp
g++  -O2 -flto=auto -ffat-lto-objects -fexceptions -g -grecord-gcc-switches -pipe -Wall -Werror=format-security -Wp,-U_FORTIFY_SOURCE,-D_FORTIFY_SOURCE=3 -Wp,-D_GLIBCXX_ASSERTIONS -specs=/usr/lib/rpm/redhat/redhat-hardened-cc1 -fstack-protector-strong -specs=/usr/lib/rpm/redhat/redhat-annobin-cc1  -m64 -march=x86-64 -mtune=generic -fasynchronous-unwind-tables -fstack-clash-protection -fcf-protection -mtls-dialect=gnu2 -fno-omit-frame-pointer -mno-omit-leaf-frame-pointer  -Wall -Wpedantic -std=c++11 -MMD -MP -O3 -DVERSION=\"v0.6\" -DFIRMWARE=\"/lib/firmware/xow_dongle.bin\" -c -o dongle/dongle.o dongle/dongle.cpp
g++  -O2 -flto=auto -ffat-lto-objects -fexceptions -g -grecord-gcc-switches -pipe -Wall -Werror=format-security -Wp,-U_FORTIFY_SOURCE,-D_FORTIFY_SOURCE=3 -Wp,-D_GLIBCXX_ASSERTIONS -specs=/usr/lib/rpm/redhat/redhat-hardened-cc1 -fstack-protector-strong -specs=/usr/lib/rpm/redhat/redhat-annobin-cc1  -m64 -march=x86-64 -mtune=generic -fasynchronous-unwind-tables -fstack-clash-protection -fcf-protection -mtls-dialect=gnu2 -fno-omit-frame-pointer -mno-omit-leaf-frame-pointer  -Wall -Wpedantic -std=c++11 -MMD -MP -O3 -DVERSION=\"v0.6\" -DFIRMWARE=\"/lib/firmware/xow_dongle.bin\" -c -o dongle/mt76.o dongle/mt76.cpp
g++ -Wl,-z,relro -Wl,--as-needed  -Wl,-z,pack-relative-relocs -Wl,-z,now -specs=/usr/lib/rpm/redhat/redhat-hardened-ld -specs=/usr/lib/rpm/redhat/redhat-annobin-cc1  -Wl,--build-id=sha1 -specs=/usr/lib/rpm/redhat/redhat-package-notes  -o xow xow.o controller/controller.o controller/gip.o controller/input.o dongle/dongle.o dongle/mt76.o dongle/usb.o utils/log.o utils/reader.o -lpthread -lusb-1.0
+ RPM_EC=0
++ jobs -p
+ exit 0
Ausführung(%install): /bin/sh -e /var/tmp/rpm-tmp.Th7rs1
+ umask 022
+ cd /var/home/pklein/Downloads/xow-fedora-atomic/packaging/fedora/xow-fedora-atomic-0.6-build
+ '[' /var/home/pklein/Downloads/xow-fedora-atomic/packaging/fedora/xow-fedora-atomic-0.6-build/BUILDROOT '!=' / ']'
+ rm -rf /var/home/pklein/Downloads/xow-fedora-atomic/packaging/fedora/xow-fedora-atomic-0.6-build/BUILDROOT
++ dirname /var/home/pklein/Downloads/xow-fedora-atomic/packaging/fedora/xow-fedora-atomic-0.6-build/BUILDROOT
+ mkdir -p /var/home/pklein/Downloads/xow-fedora-atomic/packaging/fedora/xow-fedora-atomic-0.6-build
+ mkdir /var/home/pklein/Downloads/xow-fedora-atomic/packaging/fedora/xow-fedora-atomic-0.6-build/BUILDROOT
+ CFLAGS='-O2 -flto=auto -ffat-lto-objects -fexceptions -g -grecord-gcc-switches -pipe -Wall -Werror=format-security -Wp,-U_FORTIFY_SOURCE,-D_FORTIFY_SOURCE=3 -Wp,-D_GLIBCXX_ASSERTIONS -specs=/usr/lib/rpm/redhat/redhat-hardened-cc1 -fstack-protector-strong -specs=/usr/lib/rpm/redhat/redhat-annobin-cc1  -m64 -march=x86-64 -mtune=generic -fasynchronous-unwind-tables -fstack-clash-protection -fcf-protection -mtls-dialect=gnu2 -fno-omit-frame-pointer -mno-omit-leaf-frame-pointer '
+ export CFLAGS
+ CXXFLAGS='-O2 -flto=auto -ffat-lto-objects -fexceptions -g -grecord-gcc-switches -pipe -Wall -Werror=format-security -Wp,-U_FORTIFY_SOURCE,-D_FORTIFY_SOURCE=3 -Wp,-D_GLIBCXX_ASSERTIONS -specs=/usr/lib/rpm/redhat/redhat-hardened-cc1 -fstack-protector-strong -specs=/usr/lib/rpm/redhat/redhat-annobin-cc1  -m64 -march=x86-64 -mtune=generic -fasynchronous-unwind-tables -fstack-clash-protection -fcf-protection -mtls-dialect=gnu2 -fno-omit-frame-pointer -mno-omit-leaf-frame-pointer '
+ export CXXFLAGS
+ FFLAGS='-O2 -flto=auto -ffat-lto-objects -fexceptions -g -grecord-gcc-switches -pipe -Wall -Wp,-U_FORTIFY_SOURCE,-D_FORTIFY_SOURCE=3 -Wp,-D_GLIBCXX_ASSERTIONS -specs=/usr/lib/rpm/redhat/redhat-hardened-cc1 -fstack-protector-strong -specs=/usr/lib/rpm/redhat/redhat-annobin-cc1  -m64 -march=x86-64 -mtune=generic -fasynchronous-unwind-tables -fstack-clash-protection -fcf-protection -mtls-dialect=gnu2 -fno-omit-frame-pointer -mno-omit-leaf-frame-pointer -I/usr/lib64/gfortran/modules '
+ export FFLAGS
+ FCFLAGS='-O2 -flto=auto -ffat-lto-objects -fexceptions -g -grecord-gcc-switches -pipe -Wall -Wp,-U_FORTIFY_SOURCE,-D_FORTIFY_SOURCE=3 -Wp,-D_GLIBCXX_ASSERTIONS -specs=/usr/lib/rpm/redhat/redhat-hardened-cc1 -fstack-protector-strong -specs=/usr/lib/rpm/redhat/redhat-annobin-cc1  -m64 -march=x86-64 -mtune=generic -fasynchronous-unwind-tables -fstack-clash-protection -fcf-protection -mtls-dialect=gnu2 -fno-omit-frame-pointer -mno-omit-leaf-frame-pointer -I/usr/lib64/gfortran/modules '
+ export FCFLAGS
+ VALAFLAGS=-g
+ export VALAFLAGS
+ RUSTFLAGS='-Copt-level=3 -Cdebuginfo=2 -Ccodegen-units=1 -Cstrip=none -Cforce-frame-pointers=yes -Clink-arg=-specs=/usr/lib/rpm/redhat/redhat-package-notes --cap-lints=warn'
+ export RUSTFLAGS
+ LDFLAGS='-Wl,-z,relro -Wl,--as-needed  -Wl,-z,pack-relative-relocs -Wl,-z,now -specs=/usr/lib/rpm/redhat/redhat-hardened-ld -specs=/usr/lib/rpm/redhat/redhat-annobin-cc1  -Wl,--build-id=sha1 -specs=/usr/lib/rpm/redhat/redhat-package-notes '
+ export LDFLAGS
+ LT_SYS_LIBRARY_PATH=/usr/lib64:
+ export LT_SYS_LIBRARY_PATH
+ CC=gcc
+ export CC
+ CXX=g++
+ export CXX
+ cd xow-fedora-atomic-0.6
+ rm -rf /var/home/pklein/Downloads/xow-fedora-atomic/packaging/fedora/xow-fedora-atomic-0.6-build/BUILDROOT
+ /usr/bin/make install DESTDIR=/var/home/pklein/Downloads/xow-fedora-atomic/packaging/fedora/xow-fedora-atomic-0.6-build/BUILDROOT 'INSTALL=/usr/bin/install -p' BINDIR=/usr/bin UDEVDIR=/usr/lib/udev/rules.d MODLDIR=/usr/lib/modules-load.d MODPDIR=/usr/lib/modprobe.d SYSDDIR=/usr/lib/systemd/system
install -D -m 755 xow /var/home/pklein/Downloads/xow-fedora-atomic/packaging/fedora/xow-fedora-atomic-0.6-build/BUILDROOT/usr/bin/xow
install -D -m 755 firmware.sh /var/home/pklein/Downloads/xow-fedora-atomic/packaging/fedora/xow-fedora-atomic-0.6-build/BUILDROOT/usr/bin/xow-get-firmware.sh
install -D -m 644 install/udev.rules /var/home/pklein/Downloads/xow-fedora-atomic/packaging/fedora/xow-fedora-atomic-0.6-build/BUILDROOT/usr/lib/udev/rules.d/50-xow.rules
install -D -m 644 install/modules.conf /var/home/pklein/Downloads/xow-fedora-atomic/packaging/fedora/xow-fedora-atomic-0.6-build/BUILDROOT/usr/lib/modules-load.d/xow-uinput.conf
install -D -m 644 install/modprobe.conf /var/home/pklein/Downloads/xow-fedora-atomic/packaging/fedora/xow-fedora-atomic-0.6-build/BUILDROOT/usr/lib/modprobe.d/xow-blacklist.conf
install -D -m 644 xow.service /var/home/pklein/Downloads/xow-fedora-atomic/packaging/fedora/xow-fedora-atomic-0.6-build/BUILDROOT/usr/lib/systemd/system/xow.service
+ /usr/lib/rpm/check-buildroot
+ /usr/lib/rpm/redhat/brp-ldconfig
+ /usr/lib/rpm/brp-compress
+ /usr/lib/rpm/brp-strip /usr/bin/strip
+ /usr/lib/rpm/brp-strip-comment-note /usr/bin/strip /usr/bin/objdump
+ /usr/lib/rpm/redhat/brp-strip-lto /usr/bin/strip
+ /usr/lib/rpm/brp-strip-static-archive /usr/bin/strip
+ /usr/lib/rpm/check-rpaths
+ /usr/lib/rpm/redhat/brp-mangle-shebangs
mangling shebang in /usr/bin/xow-get-firmware.sh from /usr/bin/env sh to #!/usr/bin/sh
+ /usr/lib/rpm/brp-remove-la-files
+ env /usr/lib/rpm/redhat/brp-python-bytecompile '' 1 0 -j16
+ /usr/lib/rpm/redhat/brp-python-hardlink
+ /usr/bin/add-determinism --brp -j16 /var/home/pklein/Downloads/xow-fedora-atomic/packaging/fedora/xow-fedora-atomic-0.6-build/BUILDROOT
Scanned 10 directories and 6 files,
               processed 0 inodes,
               0 modified (0 replaced + 0 rewritten),
               0 unsupported format, 0 errors
Reading /var/home/pklein/Downloads/xow-fedora-atomic/packaging/fedora/xow-fedora-atomic-0.6-build/SPECPARTS/rpm-debuginfo.specpart
Dateien werden verarbeitet: xow-fedora-atomic-0.6-1.fc42.x86_64
Provides: xow-fedora-atomic = 0.6-1.fc42 xow-fedora-atomic(x86-64) = 0.6-1.fc42
Requires(rpmlib): rpmlib(CompressedFileNames) <= 3.0.4-1 rpmlib(FileDigests) <= 4.6.0-1 rpmlib(PayloadFilesHavePrefix) <= 4.0-1
Requires: libc.so.6()(64bit) libc.so.6(GLIBC_2.14)(64bit) libc.so.6(GLIBC_2.2.5)(64bit) libc.so.6(GLIBC_2.3.4)(64bit) libc.so.6(GLIBC_2.32)(64bit) libc.so.6(GLIBC_2.34)(64bit) libc.so.6(GLIBC_2.4)(64bit) libc.so.6(GLIBC_2.7)(64bit) libc.so.6(GLIBC_ABI_DT_RELR)(64bit) libgcc_s.so.1()(64bit) libgcc_s.so.1(GCC_3.0)(64bit) libgcc_s.so.1(GCC_3.3.1)(64bit) libm.so.6()(64bit) libm.so.6(GLIBC_2.2.5)(64bit) libstdc++.so.6()(64bit) libstdc++.so.6(CXXABI_1.3)(64bit) libstdc++.so.6(CXXABI_1.3.2)(64bit) libstdc++.so.6(GLIBCXX_3.4)(64bit) libstdc++.so.6(GLIBCXX_3.4.11)(64bit) libstdc++.so.6(GLIBCXX_3.4.14)(64bit) libstdc++.so.6(GLIBCXX_3.4.19)(64bit) libstdc++.so.6(GLIBCXX_3.4.21)(64bit) libstdc++.so.6(GLIBCXX_3.4.22)(64bit) libstdc++.so.6(GLIBCXX_3.4.30)(64bit) libstdc++.so.6(GLIBCXX_3.4.9)(64bit) libusb-1.0.so.0()(64bit) rtld(GNU_HASH)
Auf nicht gepackte Datei(en) wird geprüft: /usr/lib/rpm/check-files /var/home/pklein/Downloads/xow-fedora-atomic/packaging/fedora/xow-fedora-atomic-0.6-build/BUILDROOT
Erstellt: /var/home/pklein/Downloads/xow-fedora-atomic/packaging/fedora/xow-fedora-atomic-0.6-1.fc42.src.rpm
Erstellt: /var/home/pklein/Downloads/xow-fedora-atomic/packaging/fedora/x86_64/xow-fedora-atomic-0.6-1.fc42.x86_64.rpm
Ausführung(rmbuild): /bin/sh -e /var/tmp/rpm-tmp.1YrJnf
+ umask 022
+ cd /var/home/pklein/Downloads/xow-fedora-atomic/packaging/fedora/xow-fedora-atomic-0.6-build
+ test -d /var/home/pklein/Downloads/xow-fedora-atomic/packaging/fedora/xow-fedora-atomic-0.6-build
+ /usr/bin/chmod -Rf a+rX,u+w,g-w,o-w /var/home/pklein/Downloads/xow-fedora-atomic/packaging/fedora/xow-fedora-atomic-0.6-build
+ rm -rf /var/home/pklein/Downloads/xow-fedora-atomic/packaging/fedora/xow-fedora-atomic-0.6-build
+ RPM_EC=0
++ jobs -p
+ exit 0

RPM build Warnmeldungen:
    https://github.com/RegWin32/xow-fedora-atomic/archive/v0.6.tar.gz wird nach /var/home/pklein/Downloads/xow-fedora-atomic/packaging/fedora/v0.6.tar.gz heruntergeladen
